1958 - dept 02 - circo 3
#1 Centre National des Indépendants (was #3)
#2 Parti communiste (was #2)
#3 Section Française de l'Internationale Ouvrière (was #4)
#4 Union des Forces Démocratiques (was #6)
#5 Radicaux socialistes (was #7)
#6 Radicaux centristes (was #8)
#7 Radicaux Union des Forces Démocratiques (was #5)
#8 Union Démocratique et Socialiste de la Résistance-minoritaires (was #9)
#9 Union pour la Nouvelle République (was #10)
#10 Centre Réformateur Républicain (was #11)
#11 Divers gaullistes (was #12)
#12 Mouvement Républicain Populaire (was #13)
#13 Modérés (was #1)
#14 Divers extrême droite (was #14)
#15 Poujadistes (was #15)
#16 Divers (was #16)

1958 - dept 02 - circo 5
#1 Radicaux centristes (was #3)
#2 Section Française de l'Internationale Ouvrière (was #1)
#3 Parti communiste (was #2)
#4 Union des Forces Démocratiques (was #7)
#5 Radicaux socialistes (was #6)
#6 Radicaux Union des Forces Démocratiques (was #9)
#7 Union Démocratique et Socialiste de la Résistance-minoritaires (was #10)
#8 Union pour la Nouvelle République (was #4)
#9 Centre Réformateur Républicain (was #11)
#10 Divers gaullistes (was #12)
#11 Mouvement Républicain Populaire (was #13)
#12 Centre National des Indépendants (was #14)
#13 Modérés (was #5)
#14 Divers extrême droite (was #15)
#15 Poujadistes (was #16)
#16 Divers (was #8)

1958 - dept 08 - circo 1
#1 Centre National des Indépendants (was #3)
#2 Mouvement Républicain Populaire (was #2)
#3 Parti communiste (was #1)
#4 Section Française de l'Internationale Ouvrière (was #4)
#5 Union des Forces Démocratiques (was #7)
#6 Radicaux socialistes (was #6)
#7 Radicaux centristes (was #8)
#8 Radicaux Union des Forces Démocratiques (was #9)
#9 Union Démocratique et Socialiste de la Résistance-minoritaires (was #10)
#10 Union pour la Nouvelle République (was #5)
#11 Centre Réformateur Républicain (was #11)
#12 Divers gaullistes (was #12)
#13 Modérés (was #13)
#14 Divers extrême droite (was #14)
#15 Poujadistes (was #15)
#16 Divers (was #16)

1958 - dept 10 - circo 3
#1 Mouvement Républicain Populaire (was #3)
#2 Parti communiste (was #1)
#3 Poujadistes (was #6)
#4 Section Française de l'Internationale Ouvrière (was #4)
#5 Union des Forces Démocratiques (was #8)
#6 Radicaux socialistes (was #7)
#7 Radicaux centristes (was #9)
#8 Radicaux Union des Forces Démocratiques (was #10)
#9 Union Démocratique et Socialiste de la Résistance-minoritaires (was #11)
#10 Union pour la Nouvelle République (was #2)
#11 Centre Réformateur Républicain (was #12)
#12 Divers gaullistes (was #13)
#13 Centre National des Indépendants (was #14)
#14 Modérés (was #5)
#15 Divers extrême droite (was #15)
#16 Divers (was #16)

1958 - dept 12 - circo 1
#1 Parti communiste (was #4)
#2 Union des Forces Démocratiques (was #5)
#3 Section Française de l'Internationale Ouvrière (was #2)
#4 Radicaux socialistes (was #6)
#5 Radicaux centristes (was #7)
#6 Radicaux Union des Forces Démocratiques (was #8)
#7 Union Démocratique et Socialiste de la Résistance-minoritaires (was #9)
#8 Union pour la Nouvelle République (was #10)
#9 Centre Réformateur Républicain (was #11)
#10 Divers gaullistes (was #12)
#11 Mouvement Républicain Populaire (was #13)
#12 Centre National des Indépendants (was #1)
#13 Modérés (was #14)
#14 Divers extrême droite (was #15)
#15 Poujadistes (was #3)
#16 Divers (was #16)

1958 - dept 13 - circo 3
#1 Centre National des Indépendants (was #3)
#2 Section Française de l'Internationale Ouvrière (was #1)
#3 Parti communiste (was #2)
#4 Centre Réformateur Républicain (was #4)
#5 Union des Forces Démocratiques (was #7)
#6 Radicaux socialistes (was #5)
#7 Radicaux centristes (was #8)
#8 Radicaux Union des Forces Démocratiques (was #9)
#9 Union Démocratique et Socialiste de la Résistance-minoritaires (was #10)
#10 Union pour la Nouvelle République (was #11)
#11 Divers gaullistes (was #12)
#12 Mouvement Républicain Populaire (was #13)
#13 Modérés (was #14)
#14 Divers extrême droite (was #15)
#15 Poujadistes (was #6)
#16 Divers (was #16)

1958 - dept 13 - circo 8
#1 Union pour la Nouvelle République (was #3)
#2 Section Française de l'Internationale Ouvrière (was #1)
#3 Parti communiste (was #2)
#4 Union des Forces Démocratiques (was #8)
#5 Radicaux socialistes (was #9)
#6 Radicaux centristes (was #10)
#7 Radicaux Union des Forces Démocratiques (was #11)
#8 Union Démocratique et Socialiste de la Résistance-minoritaires (was #12)
#9 Centre Réformateur Républicain (was #13)
#10 Divers gaullistes (was #14)
#11 Mouvement Républicain Populaire (was #5)
#12 Centre National des Indépendants (was #6)
#13 Modérés (was #15)
#14 Divers extrême droite (was #4)
#15 Poujadistes (was #7)
#16 Divers (was #16)

1958 - dept 14 - circo 2
#1 Parti communiste (was #3)
#2 Union des Forces Démocratiques (was #6)
#3 Section Française de l'Internationale Ouvrière (was #4)
#4 Radicaux socialistes (was #7)
#5 Radicaux centristes (was #8)
#6 Radicaux Union des Forces Démocratiques (was #9)
#7 Union Démocratique et Socialiste de la Résistance-minoritaires (was #10)
#8 Union pour la Nouvelle République (was #1)
#9 Centre Réformateur Républicain (was #11)
#10 Divers gaullistes (was #12)
#11 Mouvement Républicain Populaire (was #13)
#12 Centre National des Indépendants (was #2)
#13 Modérés (was #14)
#14 Divers extrême droite (was #5)
#15 Poujadistes (was #15)
#16 Divers (was #16)

1958 - dept 14 - circo 4
#1 Parti communiste (was #4)
#2 Union des Forces Démocratiques (was #5)
#3 Section Française de l'Internationale Ouvrière (was #6)
#4 Radicaux socialistes (was #3)
#5 Radicaux centristes (was #7)
#6 Radicaux Union des Forces Démocratiques (was #8)
#7 Union Démocratique et Socialiste de la Résistance-minoritaires (was #9)
#8 Union pour la Nouvelle République (was #1)
#9 Centre Réformateur Républicain (was #10)
#10 Divers gaullistes (was #11)
#11 Mouvement Républicain Populaire (was #12)
#12 Centre National des Indépendants (was #13)
#13 Modérés (was #2)
#14 Divers extrême droite (was #14)
#15 Poujadistes (was #15)
#16 Divers (was #16)

1958 - dept 19 - circo 3
#1 Section Française de l'Internationale Ouvrière (was #3)
#2 Parti communiste (was #2)
#3 Union des Forces Démocratiques (was #6)
#4 Radicaux socialistes (was #1)
#5 Radicaux centristes (was #7)
#6 Radicaux Union des Forces Démocratiques (was #8)
#7 Union Démocratique et Socialiste de la Résistance-minoritaires (was #9)
#8 Union pour la Nouvelle République (was #10)
#9 Centre Réformateur Républicain (was #11)
#10 Divers gaullistes (was #12)
#11 Mouvement Républicain Populaire (was #5)
#12 Centre National des Indépendants (was #13)
#13 Modérés (was #4)
#14 Divers extrême droite (was #14)
#15 Poujadistes (was #15)
#16 Divers (was #16)

1958 - dept 20 - circo 3
#1 Union pour la Nouvelle République (was #3)
#2 Radicaux centristes (was #1)
#3 Parti communiste (was #4)
#4 Radicaux socialistes (was #2)
#5 Union des Forces Démocratiques (was #6)
#6 Section Française de l'Internationale Ouvrière (was #7)
#7 Radicaux Union des Forces Démocratiques (was #8)
#8 Union Démocratique et Socialiste de la Résistance-minoritaires (was #9)
#9 Centre Réformateur Républicain (was #10)
#10 Divers gaullistes (was #11)
#11 Mouvement Républicain Populaire (was #12)
#12 Centre National des Indépendants (was #13)
#13 Modérés (was #5)
#14 Divers extrême droite (was #14)
#15 Poujadistes (was #15)
#16 Divers (was #16)

1958 - dept 22 - circo 5
#1 Radicaux centristes (was #3)
#2 Parti communiste (was #1)
#3 Centre National des Indépendants (was #2)
#4 Union des Forces Démocratiques (was #7)
#5 Section Française de l'Internationale Ouvrière (was #5)
#6 Radicaux socialistes (was #8)
#7 Radicaux Union des Forces Démocratiques (was #9)
#8 Union Démocratique et Socialiste de la Résistance-minoritaires (was #10)
#9 Union pour la Nouvelle République (was #6)
#10 Centre Réformateur Républicain (was #11)
#11 Divers gaullistes (was #12)
#12 Mouvement Républicain Populaire (was #4)
#13 Modérés (was #13)
#14 Divers extrême droite (was #14)
#15 Poujadistes (was #15)
#16 Divers (was #16)

1958 - dept 27 - circo 3
#1 Parti communiste (was #3)
#2 Union des Forces Démocratiques (was #6)
#3 Section Française de l'Internationale Ouvrière (was #4)
#4 Radicaux socialistes (was #7)
#5 Radicaux centristes (was #8)
#6 Radicaux Union des Forces Démocratiques (was #2)
#7 Union Démocratique et Socialiste de la Résistance-minoritaires (was #9)
#8 Union pour la Nouvelle République (was #10)
#9 Centre Réformateur Républicain (was #11)
#10 Divers gaullistes (was #12)
#11 Mouvement Républicain Populaire (was #13)
#12 Centre National des Indépendants (was #14)
#13 Modérés (was #1)
#14 Divers extrême droite (was #15)
#15 Poujadistes (was #16)
#16 Divers (was #5)

1958 - dept 34 - circo 3
#1 Union pour la Nouvelle République (was #3)
#2 Section Française de l'Internationale Ouvrière (was #1)
#3 Parti communiste (was #2)
#4 Union des Forces Démocratiques (was #6)
#5 Radicaux socialistes (was #7)
#6 Radicaux centristes (was #8)
#7 Radicaux Union des Forces Démocratiques (was #9)
#8 Union Démocratique et Socialiste de la Résistance-minoritaires (was #10)
#9 Centre Réformateur Républicain (was #11)
#10 Divers gaullistes (was #12)
#11 Mouvement Républicain Populaire (was #4)
#12 Centre National des Indépendants (was #13)
#13 Modérés (was #14)
#14 Divers extrême droite (was #5)
#15 Poujadistes (was #15)
#16 Divers (was #16)

1958 - dept 35 - circo 3
#1 Parti communiste (was #3)
#2 Union des Forces Démocratiques (was #5)
#3 Section Française de l'Internationale Ouvrière (was #6)
#4 Radicaux socialistes (was #7)
#5 Radicaux centristes (was #8)
#6 Radicaux Union des Forces Démocratiques (was #9)
#7 Union Démocratique et Socialiste de la Résistance-minoritaires (was #10)
#8 Union pour la Nouvelle République (was #2)
#9 Centre Réformateur Républicain (was #11)
#10 Divers gaullistes (was #12)
#11 Mouvement Républicain Populaire (was #1)
#12 Centre National des Indépendants (was #13)
#13 Modérés (was #14)
#14 Divers extrême droite (was #15)
#15 Poujadistes (was #4)
#16 Divers (was #16)

1958 - dept 35 - circo 4
#1 Parti communiste (was #4)
#2 Union des Forces Démocratiques (was #5)
#3 Section Française de l'Internationale Ouvrière (was #6)
#4 Radicaux socialistes (was #7)
#5 Radicaux centristes (was #8)
#6 Radicaux Union des Forces Démocratiques (was #9)
#7 Union Démocratique et Socialiste de la Résistance-minoritaires (was #10)
#8 Union pour la Nouvelle République (was #3)
#9 Centre Réformateur Républicain (was #11)
#10 Divers gaullistes (was #12)
#11 Mouvement Républicain Populaire (was #13)
#12 Centre National des Indépendants (was #14)
#13 Modérés (was #1)
#14 Divers extrême droite (was #2)
#15 Poujadistes (was #15)
#16 Divers (was #16)

1958 - dept 37 - circo 4
#1 Parti communiste (was #3)
#2 Union des Forces Démocratiques (was #6)
#3 Section Française de l'Internationale Ouvrière (was #4)
#4 Radicaux socialistes (was #5)
#5 Radicaux centristes (was #7)
#6 Radicaux Union des Forces Démocratiques (was #8)
#7 Union Démocratique et Socialiste de la Résistance-minoritaires (was #9)
#8 Union pour la Nouvelle République (was #1)
#9 Centre Réformateur Républicain (was #10)
#10 Divers gaullistes (was #11)
#11 Mouvement Républicain Populaire (was #12)
#12 Centre National des Indépendants (was #13)
#13 Modérés (was #2)
#14 Divers extrême droite (was #14)
#15 Poujadistes (was #15)
#16 Divers (was #16)

1958 - dept 42 - circo 3
#1 Parti communiste (was #3)
#2 Union des Forces Démocratiques (was #4)
#3 Section Française de l'Internationale Ouvrière (was #2)
#4 Radicaux socialistes (was #5)
#5 Radicaux centristes (was #6)
#6 Radicaux Union des Forces Démocratiques (was #7)
#7 Union Démocratique et Socialiste de la Résistance-minoritaires (was #8)
#8 Union pour la Nouvelle République (was #9)
#9 Centre Réformateur Républicain (was #10)
#10 Divers gaullistes (was #11)
#11 Mouvement Républicain Populaire (was #12)
#12 Centre National des Indépendants (was #1)
#13 Modérés (was #13)
#14 Divers extrême droite (was #14)
#15 Poujadistes (was #15)
#16 Divers (was #16)

1958 - dept 43 - circo 2
#1 Parti communiste (was #3)
#2 Union des Forces Démocratiques (was #4)
#3 Section Française de l'Internationale Ouvrière (was #2)
#4 Radicaux socialistes (was #5)
#5 Radicaux centristes (was #6)
#6 Radicaux Union des Forces Démocratiques (was #7)
#7 Union Démocratique et Socialiste de la Résistance-minoritaires (was #8)
#8 Union pour la Nouvelle République (was #9)
#9 Centre Réformateur Républicain (was #10)
#10 Divers gaullistes (was #11)
#11 Mouvement Républicain Populaire (was #12)
#12 Centre National des Indépendants (was #1)
#13 Modérés (was #13)
#14 Divers extrême droite (was #14)
#15 Poujadistes (was #15)
#16 Divers (was #16)

1958 - dept 44 - circo 8
#1 Parti communiste (was #4)
#2 Union des Forces Démocratiques (was #5)
#3 Section Française de l'Internationale Ouvrière (was #3)
#4 Radicaux socialistes (was #6)
#5 Radicaux centristes (was #7)
#6 Radicaux Union des Forces Démocratiques (was #8)
#7 Union Démocratique et Socialiste de la Résistance-minoritaires (was #9)
#8 Union pour la Nouvelle République (was #10)
#9 Centre Réformateur Républicain (was #11)
#10 Divers gaullistes (was #12)
#11 Mouvement Républicain Populaire (was #13)
#12 Centre National des Indépendants (was #1)
#13 Modérés (was #2)
#14 Divers extrême droite (was #14)
#15 Poujadistes (was #15)
#16 Divers (was #16)

1958 - dept 48 - circo 1
#1 Parti communiste (was #3)
#2 Union des Forces Démocratiques (was #4)
#3 Section Française de l'Internationale Ouvrière (was #2)
#4 Radicaux socialistes (was #5)
#5 Radicaux centristes (was #6)
#6 Radicaux Union des Forces Démocratiques (was #7)
#7 Union Démocratique et Socialiste de la Résistance-minoritaires (was #8)
#8 Union pour la Nouvelle République (was #1)
#9 Centre Réformateur Républicain (was #9)
#10 Divers gaullistes (was #10)
#11 Mouvement Républicain Populaire (was #11)
#12 Centre National des Indépendants (was #12)
#13 Modérés (was #13)
#14 Divers extrême droite (was #14)
#15 Poujadistes (was #15)
#16 Divers (was #16)

1958 - dept 49 - circo 3
#1 Parti communiste (was #5)
#2 Union des Forces Démocratiques (was #7)
#3 Section Française de l'Internationale Ouvrière (was #2)
#4 Radicaux socialistes (was #6)
#5 Radicaux centristes (was #8)
#6 Radicaux Union des Forces Démocratiques (was #9)
#7 Union Démocratique et Socialiste de la Résistance-minoritaires (was #10)
#8 Union pour la Nouvelle République (was #1)
#9 Centre Réformateur Républicain (was #11)
#10 Divers gaullistes (was #12)
#11 Mouvement Républicain Populaire (was #3)
#12 Centre National des Indépendants (was #13)
#13 Modérés (was #14)
#14 Divers extrême droite (was #15)
#15 Poujadistes (was #4)
#16 Divers (was #16)

1958 - dept 49 - circo 4
#1 Union pour la Nouvelle République (was #3)
#2 Centre National des Indépendants (was #1)
#3 Parti communiste (was #6)
#4 Union des Forces Démocratiques (was #9)
#5 Section Française de l'Internationale Ouvrière (was #7)
#6 Radicaux socialistes (was #10)
#7 Radicaux centristes (was #11)
#8 Radicaux Union des Forces Démocratiques (was #12)
#9 Union Démocratique et Socialiste de la Résistance-minoritaires (was #13)
#10 Centre Réformateur Républicain (was #5)
#11 Divers gaullistes (was #14)
#12 Mouvement Républicain Populaire (was #4)
#13 Modérés (was #8)
#14 Divers extrême droite (was #15)
#15 Poujadistes (was #2)
#16 Divers (was #16)

1958 - dept 53 - circo 1
#1 Parti communiste (was #4)
#2 Union des Forces Démocratiques (was #5)
#3 Section Française de l'Internationale Ouvrière (was #3)
#4 Radicaux socialistes (was #6)
#5 Radicaux centristes (was #7)
#6 Radicaux Union des Forces Démocratiques (was #8)
#7 Union Démocratique et Socialiste de la Résistance-minoritaires (was #9)
#8 Union pour la Nouvelle République (was #10)
#9 Centre Réformateur Républicain (was #11)
#10 Divers gaullistes (was #12)
#11 Mouvement Républicain Populaire (was #1)
#12 Centre National des Indépendants (was #13)
#13 Modérés (was #14)
#14 Divers extrême droite (was #15)
#15 Poujadistes (was #2)
#16 Divers (was #16)

1958 - dept 53 - circo 3
#1 Parti communiste (was #4)
#2 Union des Forces Démocratiques (was #6)
#3 Section Française de l'Internationale Ouvrière (was #3)
#4 Radicaux socialistes (was #7)
#5 Radicaux centristes (was #8)
#6 Radicaux Union des Forces Démocratiques (was #9)
#7 Union Démocratique et Socialiste de la Résistance-minoritaires (was #10)
#8 Union pour la Nouvelle République (was #11)
#9 Centre Réformateur Républicain (was #12)
#10 Divers gaullistes (was #13)
#11 Mouvement Républicain Populaire (was #2)
#12 Centre National des Indépendants (was #1)
#13 Modérés (was #14)
#14 Divers extrême droite (was #15)
#15 Poujadistes (was #5)
#16 Divers (was #16)

1958 - dept 54 - circo 5
#1 Parti communiste (was #4)
#2 Union des Forces Démocratiques (was #5)
#3 Section Française de l'Internationale Ouvrière (was #2)
#4 Radicaux socialistes (was #6)
#5 Radicaux centristes (was #7)
#6 Radicaux Union des Forces Démocratiques (was #8)
#7 Union Démocratique et Socialiste de la Résistance-minoritaires (was #9)
#8 Union pour la Nouvelle République (was #10)
#9 Centre Réformateur Républicain (was #11)
#10 Divers gaullistes (was #12)
#11 Mouvement Républicain Populaire (was #3)
#12 Centre National des Indépendants (was #1)
#13 Modérés (was #13)
#14 Divers extrême droite (was #14)
#15 Poujadistes (was #15)
#16 Divers (was #16)

1958 - dept 54 - circo 6
#1 Mouvement Républicain Populaire (was #3)
#2 Parti communiste (was #1)
#3 Radicaux socialistes (was #2)
#4 Union des Forces Démocratiques (was #7)
#5 Section Française de l'Internationale Ouvrière (was #6)
#6 Radicaux centristes (was #8)
#7 Radicaux Union des Forces Démocratiques (was #9)
#8 Union Démocratique et Socialiste de la Résistance-minoritaires (was #10)
#9 Union pour la Nouvelle République (was #4)
#10 Centre Réformateur Républicain (was #11)
#11 Divers gaullistes (was #12)
#12 Centre National des Indépendants (was #13)
#13 Modérés (was #5)
#14 Divers extrême droite (was #14)
#15 Poujadistes (was #15)
#16 Divers (was #16)

1958 - dept 55 - circo 1
#1 Parti communiste (was #3)
#2 Union des Forces Démocratiques (was #4)
#3 Section Française de l'Internationale Ouvrière (was #2)
#4 Radicaux socialistes (was #5)
#5 Radicaux centristes (was #6)
#6 Radicaux Union des Forces Démocratiques (was #7)
#7 Union Démocratique et Socialiste de la Résistance-minoritaires (was #8)
#8 Union pour la Nouvelle République (was #9)
#9 Centre Réformateur Républicain (was #10)
#10 Divers gaullistes (was #11)
#11 Mouvement Républicain Populaire (was #12)
#12 Centre National des Indépendants (was #1)
#13 Modérés (was #13)
#14 Divers extrême droite (was #14)
#15 Poujadistes (was #15)
#16 Divers (was #16)

1958 - dept 56 - circo 2
#1 Parti communiste (was #5)
#2 Union des Forces Démocratiques (was #8)
#3 Section Française de l'Internationale Ouvrière (was #2)
#4 Radicaux socialistes (was #6)
#5 Radicaux centristes (was #9)
#6 Radicaux Union des Forces Démocratiques (was #10)
#7 Union Démocratique et Socialiste de la Résistance-minoritaires (was #11)
#8 Union pour la Nouvelle République (was #12)
#9 Centre Réformateur Républicain (was #3)
#10 Divers gaullistes (was #13)
#11 Mouvement Républicain Populaire (was #1)
#12 Centre National des Indépendants (was #4)
#13 Modérés (was #14)
#14 Divers extrême droite (was #15)
#15 Poujadistes (was #7)
#16 Divers (was #16)

1958 - dept 56 - circo 4
#1 Parti communiste (was #3)
#2 Union des Forces Démocratiques (was #4)
#3 Section Française de l'Internationale Ouvrière (was #5)
#4 Radicaux socialistes (was #6)
#5 Radicaux centristes (was #7)
#6 Radicaux Union des Forces Démocratiques (was #8)
#7 Union Démocratique et Socialiste de la Résistance-minoritaires (was #9)
#8 Union pour la Nouvelle République (was #2)
#9 Centre Réformateur Républicain (was #10)
#10 Divers gaullistes (was #11)
#11 Mouvement Républicain Populaire (was #12)
#12 Centre National des Indépendants (was #1)
#13 Modérés (was #13)
#14 Divers extrême droite (was #14)
#15 Poujadistes (was #15)
#16 Divers (was #16)

1958 - dept 56 - circo 6
#1 Parti communiste (was #3)
#2 Union des Forces Démocratiques (was #5)
#3 Section Française de l'Internationale Ouvrière (was #2)
#4 Radicaux socialistes (was #6)
#5 Radicaux centristes (was #7)
#6 Radicaux Union des Forces Démocratiques (was #8)
#7 Union Démocratique et Socialiste de la Résistance-minoritaires (was #9)
#8 Union pour la Nouvelle République (was #10)
#9 Centre Réformateur Républicain (was #11)
#10 Divers gaullistes (was #12)
#11 Mouvement Républicain Populaire (was #1)
#12 Centre National des Indépendants (was #13)
#13 Modérés (was #14)
#14 Divers extrême droite (was #15)
#15 Poujadistes (was #4)
#16 Divers (was #16)

1958 - dept 57 - circo 1
#1 Parti communiste (was #3)
#2 Union des Forces Démocratiques (was #7)
#3 Section Française de l'Internationale Ouvrière (was #6)
#4 Radicaux socialistes (was #5)
#5 Radicaux centristes (was #8)
#6 Radicaux Union des Forces Démocratiques (was #9)
#7 Union Démocratique et Socialiste de la Résistance-minoritaires (was #10)
#8 Union pour la Nouvelle République (was #11)
#9 Centre Réformateur Républicain (was #2)
#10 Divers gaullistes (was #12)
#11 Mouvement Républicain Populaire (was #13)
#12 Centre National des Indépendants (was #1)
#13 Modérés (was #14)
#14 Divers extrême droite (was #4)
#15 Poujadistes (was #15)
#16 Divers (was #16)

1958 - dept 57 - circo 4
#1 Parti communiste (was #3)
#2 Union des Forces Démocratiques (was #4)
#3 Section Française de l'Internationale Ouvrière (was #2)
#4 Radicaux socialistes (was #5)
#5 Radicaux centristes (was #6)
#6 Radicaux Union des Forces Démocratiques (was #7)
#7 Union Démocratique et Socialiste de la Résistance-minoritaires (was #8)
#8 Union pour la Nouvelle République (was #9)
#9 Centre Réformateur Républicain (was #10)
#10 Divers gaullistes (was #11)
#11 Mouvement Républicain Populaire (was #1)
#12 Centre National des Indépendants (was #12)
#13 Modérés (was #13)
#14 Divers extrême droite (was #14)
#15 Poujadistes (was #15)
#16 Divers (was #16)

1958 - dept 57 - circo 7
#1 Parti communiste (was #3)
#2 Union des Forces Démocratiques (was #5)
#3 Section Française de l'Internationale Ouvrière (was #6)
#4 Radicaux socialistes (was #7)
#5 Radicaux centristes (was #8)
#6 Radicaux Union des Forces Démocratiques (was #9)
#7 Union Démocratique et Socialiste de la Résistance-minoritaires (was #10)
#8 Union pour la Nouvelle République (was #2)
#9 Centre Réformateur Républicain (was #4)
#10 Divers gaullistes (was #11)
#11 Mouvement Républicain Populaire (was #1)
#12 Centre National des Indépendants (was #12)
#13 Modérés (was #13)
#14 Divers extrême droite (was #14)
#15 Poujadistes (was #15)
#16 Divers (was #16)

1958 - dept 59 - circo 21
#1 Union pour la Nouvelle République (was #3)
#2 Section Française de l'Internationale Ouvrière (was #1)
#3 Centre National des Indépendants (was #2)
#4 Parti communiste (was #4)
#5 Union des Forces Démocratiques (was #6)
#6 Radicaux socialistes (was #7)
#7 Radicaux centristes (was #8)
#8 Radicaux Union des Forces Démocratiques (was #9)
#9 Union Démocratique et Socialiste de la Résistance-minoritaires (was #10)
#10 Centre Réformateur Républicain (was #5)
#11 Divers gaullistes (was #11)
#12 Mouvement Républicain Populaire (was #12)
#13 Modérés (was #13)
#14 Divers extrême droite (was #14)
#15 Poujadistes (was #15)
#16 Divers (was #16)

1958 - dept 62 - circo 3
#1 Modérés (was #3)
#2 Section Française de l'Internationale Ouvrière (was #1)
#3 Parti communiste (was #2)
#4 Union des Forces Démocratiques (was #6)
#5 Radicaux socialistes (was #7)
#6 Radicaux centristes (was #8)
#7 Radicaux Union des Forces Démocratiques (was #9)
#8 Union Démocratique et Socialiste de la Résistance-minoritaires (was #10)
#9 Union pour la Nouvelle République (was #4)
#10 Centre Réformateur Républicain (was #5)
#11 Divers gaullistes (was #11)
#12 Mouvement Républicain Populaire (was #12)
#13 Centre National des Indépendants (was #13)
#14 Divers extrême droite (was #14)
#15 Poujadistes (was #15)
#16 Divers (was #16)

1958 - dept 62 - circo 9
#1 Mouvement Républicain Populaire (was #3)
#2 Section Française de l'Internationale Ouvrière (was #1)
#3 Parti communiste (was #2)
#4 Union des Forces Démocratiques (was #5)
#5 Radicaux socialistes (was #6)
#6 Radicaux centristes (was #7)
#7 Radicaux Union des Forces Démocratiques (was #8)
#8 Union Démocratique et Socialiste de la Résistance-minoritaires (was #9)
#9 Union pour la Nouvelle République (was #4)
#10 Centre Réformateur Républicain (was #10)
#11 Divers gaullistes (was #11)
#12 Centre National des Indépendants (was #12)
#13 Modérés (was #13)
#14 Divers extrême droite (was #14)
#15 Poujadistes (was #15)
#16 Divers (was #16)

1958 - dept 63 - circo 2
#1 Parti communiste (was #3)
#2 Union des Forces Démocratiques (was #5)
#3 Section Française de l'Internationale Ouvrière (was #2)
#4 Radicaux socialistes (was #6)
#5 Radicaux centristes (was #7)
#6 Radicaux Union des Forces Démocratiques (was #8)
#7 Union Démocratique et Socialiste de la Résistance-minoritaires (was #9)
#8 Union pour la Nouvelle République (was #10)
#9 Centre Réformateur Républicain (was #11)
#10 Divers gaullistes (was #12)
#11 Mouvement Républicain Populaire (was #13)
#12 Centre National des Indépendants (was #1)
#13 Modérés (was #14)
#14 Divers extrême droite (was #15)
#15 Poujadistes (was #4)
#16 Divers (was #16)

1958 - dept 67 - circo 5
#1 Parti communiste (was #3)
#2 Union des Forces Démocratiques (was #5)
#3 Section Française de l'Internationale Ouvrière (was #4)
#4 Radicaux socialistes (was #6)
#5 Radicaux centristes (was #7)
#6 Radicaux Union des Forces Démocratiques (was #8)
#7 Union Démocratique et Socialiste de la Résistance-minoritaires (was #9)
#8 Union pour la Nouvelle République (was #2)
#9 Centre Réformateur Républicain (was #10)
#10 Divers gaullistes (was #11)
#11 Mouvement Républicain Populaire (was #1)
#12 Centre National des Indépendants (was #12)
#13 Modérés (was #13)
#14 Divers extrême droite (was #14)
#15 Poujadistes (was #15)
#16 Divers (was #16)

1958 - dept 67 - circo 6
#1 Centre National des Indépendants (was #3)
#2 Union pour la Nouvelle République (was #2)
#3 Parti communiste (was #4)
#4 Union des Forces Démocratiques (was #5)
#5 Section Française de l'Internationale Ouvrière (was #6)
#6 Radicaux socialistes (was #7)
#7 Radicaux centristes (was #8)
#8 Radicaux Union des Forces Démocratiques (was #9)
#9 Union Démocratique et Socialiste de la Résistance-minoritaires (was #10)
#10 Centre Réformateur Républicain (was #11)
#11 Divers gaullistes (was #12)
#12 Mouvement Républicain Populaire (was #1)
#13 Modérés (was #13)
#14 Divers extrême droite (was #14)
#15 Poujadistes (was #15)
#16 Divers (was #16)

1958 - dept 67 - circo 8
#1 Parti communiste (was #3)
#2 Union des Forces Démocratiques (was #4)
#3 Section Française de l'Internationale Ouvrière (was #2)
#4 Radicaux socialistes (was #5)
#5 Radicaux centristes (was #6)
#6 Radicaux Union des Forces Démocratiques (was #7)
#7 Union Démocratique et Socialiste de la Résistance-minoritaires (was #8)
#8 Union pour la Nouvelle République (was #9)
#9 Centre Réformateur Républicain (was #10)
#10 Divers gaullistes (was #11)
#11 Mouvement Républicain Populaire (was #1)
#12 Centre National des Indépendants (was #12)
#13 Modérés (was #13)
#14 Divers extrême droite (was #14)
#15 Poujadistes (was #15)
#16 Divers (was #16)

1958 - dept 70 - circo 2
#1 Parti communiste (was #3)
#2 Union des Forces Démocratiques (was #5)
#3 Section Française de l'Internationale Ouvrière (was #4)
#4 Radicaux socialistes (was #2)
#5 Radicaux centristes (was #6)
#6 Radicaux Union des Forces Démocratiques (was #7)
#7 Union Démocratique et Socialiste de la Résistance-minoritaires (was #8)
#8 Union pour la Nouvelle République (was #1)
#9 Centre Réformateur Républicain (was #9)
#10 Divers gaullistes (was #10)
#11 Mouvement Républicain Populaire (was #11)
#12 Centre National des Indépendants (was #12)
#13 Modérés (was #13)
#14 Divers extrême droite (was #14)
#15 Poujadistes (was #15)
#16 Divers (was #16)

1958 - dept 72 - circo 5
#1 Parti communiste (was #3)
#2 Union des Forces Démocratiques (was #4)
#3 Section Française de l'Internationale Ouvrière (was #5)
#4 Radicaux socialistes (was #2)
#5 Radicaux centristes (was #6)
#6 Radicaux Union des Forces Démocratiques (was #7)
#7 Union Démocratique et Socialiste de la Résistance-minoritaires (was #8)
#8 Union pour la Nouvelle République (was #9)
#9 Centre Réformateur Républicain (was #10)
#10 Divers gaullistes (was #11)
#11 Mouvement Républicain Populaire (was #12)
#12 Centre National des Indépendants (was #1)
#13 Modérés (was #13)
#14 Divers extrême droite (was #14)
#15 Poujadistes (was #15)
#16 Divers (was #16)

1958 - dept 74 - circo 2
#1 Parti communiste (was #3)
#2 Union des Forces Démocratiques (was #5)
#3 Section Française de l'Internationale Ouvrière (was #6)
#4 Radicaux socialistes (was #4)
#5 Radicaux centristes (was #7)
#6 Radicaux Union des Forces Démocratiques (was #8)
#7 Union Démocratique et Socialiste de la Résistance-minoritaires (was #9)
#8 Union pour la Nouvelle République (was #10)
#9 Centre Réformateur Républicain (was #11)
#10 Divers gaullistes (was #12)
#11 Mouvement Républicain Populaire (was #2)
#12 Centre National des Indépendants (was #1)
#13 Modérés (was #13)
#14 Divers extrême droite (was #14)
#15 Poujadistes (was #15)
#16 Divers (was #16)

1958 - dept 75 - circo 2
#1 Centre National des Indépendants (was #3)
#2 Union pour la Nouvelle République (was #2)
#3 Parti communiste (was #1)
#4 Section Française de l'Internationale Ouvrière (was #5)
#5 Union des Forces Démocratiques (was #7)
#6 Radicaux socialistes (was #12)
#7 Radicaux centristes (was #13)
#8 Radicaux Union des Forces Démocratiques (was #14)
#9 Union Démocratique et Socialiste de la Résistance-minoritaires (was #15)
#10 Centre Réformateur Républicain (was #6)
#11 Divers gaullistes (was #11)
#12 Mouvement Républicain Populaire (was #9)
#13 Modérés (was #8)
#14 Divers extrême droite (was #16)
#15 Poujadistes (was #10)
#16 Divers (was #4)

1958 - dept 75 - circo 7
#1 Union pour la Nouvelle République (was #3)
#2 Centre National des Indépendants (was #1)
#3 Modérés (was #2)
#4 Parti communiste (was #4)
#5 Radicaux Union des Forces Démocratiques (was #5)
#6 Union des Forces Démocratiques (was #11)
#7 Section Française de l'Internationale Ouvrière (was #6)
#8 Radicaux socialistes (was #12)
#9 Radicaux centristes (was #13)
#10 Union Démocratique et Socialiste de la Résistance-minoritaires (was #14)
#11 Centre Réformateur Républicain (was #7)
#12 Divers gaullistes (was #15)
#13 Mouvement Républicain Populaire (was #16)
#14 Divers extrême droite (was #8)
#15 Poujadistes (was #10)
#16 Divers (was #9)

1958 - dept 75 - circo 9
#1 Union pour la Nouvelle République (was #3)
#2 Parti communiste (was #1)
#3 Centre National des Indépendants (was #2)
#4 Radicaux centristes (was #4)
#5 Union des Forces Démocratiques (was #6)
#6 Section Française de l'Internationale Ouvrière (was #5)
#7 Radicaux socialistes (was #10)
#8 Radicaux Union des Forces Démocratiques (was #11)
#9 Union Démocratique et Socialiste de la Résistance-minoritaires (was #12)
#10 Centre Réformateur Républicain (was #13)
#11 Divers gaullistes (was #9)
#12 Mouvement Républicain Populaire (was #14)
#13 Modérés (was #15)
#14 Divers extrême droite (was #16)
#15 Poujadistes (was #8)
#16 Divers (was #7)

1958 - dept 75 - circo 23
#1 Union pour la Nouvelle République (was #3)
#2 Radicaux centristes (was #1)
#3 Parti communiste (was #4)
#4 Centre National des Indépendants (was #2)
#5 Union des Forces Démocratiques (was #7)
#6 Section Française de l'Internationale Ouvrière (was #5)
#7 Radicaux socialistes (was #8)
#8 Radicaux Union des Forces Démocratiques (was #9)
#9 Union Démocratique et Socialiste de la Résistance-minoritaires (was #10)
#10 Centre Réformateur Républicain (was #11)
#11 Divers gaullistes (was #6)
#12 Mouvement Républicain Populaire (was #12)
#13 Modérés (was #13)
#14 Divers extrême droite (was #14)
#15 Poujadistes (was #15)
#16 Divers (was #16)

1958 - dept 75 - circo 35
#1 Union pour la Nouvelle République (was #3)
#2 Parti communiste (was #2)
#3 Centre National des Indépendants (was #1)
#4 Section Française de l'Internationale Ouvrière (was #4)
#5 Union des Forces Démocratiques (was #7)
#6 Radicaux socialistes (was #5)
#7 Radicaux centristes (was #8)
#8 Radicaux Union des Forces Démocratiques (was #9)
#9 Union Démocratique et Socialiste de la Résistance-minoritaires (was #10)
#10 Centre Réformateur Républicain (was #11)
#11 Divers gaullistes (was #12)
#12 Mouvement Républicain Populaire (was #13)
#13 Modérés (was #14)
#14 Divers extrême droite (was #15)
#15 Poujadistes (was #16)
#16 Divers (was #6)

1958 - dept 75 - circo 39
#1 Section Française de l'Internationale Ouvrière (was #3)
#2 Parti communiste (was #1)
#3 Union des Forces Démocratiques (was #6)
#4 Radicaux socialistes (was #7)
#5 Radicaux centristes (was #8)
#6 Radicaux Union des Forces Démocratiques (was #9)
#7 Union Démocratique et Socialiste de la Résistance-minoritaires (was #10)
#8 Union pour la Nouvelle République (was #11)
#9 Centre Réformateur Républicain (was #12)
#10 Divers gaullistes (was #13)
#11 Mouvement Républicain Populaire (was #14)
#12 Centre National des Indépendants (was #4)
#13 Modérés (was #2)
#14 Divers extrême droite (was #15)
#15 Poujadistes (was #5)
#16 Divers (was #16)

1958 - dept 75 - circo 53
#1 Union pour la Nouvelle République (was #3)
#2 Parti communiste (was #1)
#3 Radicaux centristes (was #2)
#4 Section Française de l'Internationale Ouvrière (was #6)
#5 Union des Forces Démocratiques (was #5)
#6 Radicaux socialistes (was #11)
#7 Radicaux Union des Forces Démocratiques (was #12)
#8 Union Démocratique et Socialiste de la Résistance-minoritaires (was #13)
#9 Centre Réformateur Républicain (was #8)
#10 Divers gaullistes (was #14)
#11 Mouvement Républicain Populaire (was #7)
#12 Centre National des Indépendants (was #15)
#13 Modérés (was #4)
#14 Divers extrême droite (was #9)
#15 Poujadistes (was #16)
#16 Divers (was #10)

1958 - dept 78 - circo 10
#1 Section Française de l'Internationale Ouvrière (was #3)
#2 Parti communiste (was #1)
#3 Modérés (was #2)
#4 Union pour la Nouvelle République (was #4)
#5 Union des Forces Démocratiques (was #7)
#6 Radicaux socialistes (was #8)
#7 Radicaux centristes (was #9)
#8 Radicaux Union des Forces Démocratiques (was #10)
#9 Union Démocratique et Socialiste de la Résistance-minoritaires (was #11)
#10 Centre Réformateur Républicain (was #12)
#11 Divers gaullistes (was #13)
#12 Mouvement Républicain Populaire (was #5)
#13 Centre National des Indépendants (was #14)
#14 Divers extrême droite (was #15)
#15 Poujadistes (was #16)
#16 Divers (was #6)

1958 - dept 80 - circo 1
#1 Union pour la Nouvelle République (was #3)
#2 Parti communiste (was #1)
#3 Section Française de l'Internationale Ouvrière (was #2)
#4 Union des Forces Démocratiques (was #7)
#5 Radicaux socialistes (was #8)
#6 Radicaux centristes (was #9)
#7 Radicaux Union des Forces Démocratiques (was #10)
#8 Union Démocratique et Socialiste de la Résistance-minoritaires (was #11)
#9 Centre Réformateur Républicain (was #12)
#10 Divers gaullistes (was #13)
#11 Mouvement Républicain Populaire (was #4)
#12 Centre National des Indépendants (was #5)
#13 Modérés (was #14)
#14 Divers extrême droite (was #15)
#15 Poujadistes (was #6)
#16 Divers (was #16)

1958 - dept 83 - circo 1
#1 Union pour la Nouvelle République (was #3)
#2 Section Française de l'Internationale Ouvrière (was #1)
#3 Parti communiste (was #2)
#4 Union des Forces Démocratiques (was #6)
#5 Radicaux socialistes (was #7)
#6 Radicaux centristes (was #8)
#7 Radicaux Union des Forces Démocratiques (was #9)
#8 Union Démocratique et Socialiste de la Résistance-minoritaires (was #10)
#9 Centre Réformateur Républicain (was #11)
#10 Divers gaullistes (was #12)
#11 Mouvement Républicain Populaire (was #13)
#12 Centre National des Indépendants (was #4)
#13 Modérés (was #5)
#14 Divers extrême droite (was #14)
#15 Poujadistes (was #15)
#16 Divers (was #16)

1958 - dept 84 - circo 2
#1 Union pour la Nouvelle République (was #3)
#2 Section Française de l'Internationale Ouvrière (was #2)
#3 Parti communiste (was #1)
#4 Radicaux centristes (was #5)
#5 Union des Forces Démocratiques (was #8)
#6 Radicaux socialistes (was #4)
#7 Radicaux Union des Forces Démocratiques (was #9)
#8 Union Démocratique et Socialiste de la Résistance-minoritaires (was #10)
#9 Centre Réformateur Républicain (was #11)
#10 Divers gaullistes (was #12)
#11 Mouvement Républicain Populaire (was #7)
#12 Centre National des Indépendants (was #13)
#13 Modérés (was #6)
#14 Divers extrême droite (was #14)
#15 Poujadistes (was #15)
#16 Divers (was #16)

1958 - dept 84 - circo 3
#1 Union pour la Nouvelle République (was #3)
#2 Parti communiste (was #2)
#3 Radicaux socialistes (was #1)
#4 Union des Forces Démocratiques (was #7)
#5 Section Française de l'Internationale Ouvrière (was #5)
#6 Radicaux centristes (was #8)
#7 Radicaux Union des Forces Démocratiques (was #9)
#8 Union Démocratique et Socialiste de la Résistance-minoritaires (was #10)
#9 Centre Réformateur Républicain (was #11)
#10 Divers gaullistes (was #12)
#11 Mouvement Républicain Populaire (was #6)
#12 Centre National des Indépendants (was #13)
#13 Modérés (was #14)
#14 Divers extrême droite (was #4)
#15 Poujadistes (was #15)
#16 Divers (was #16)

1958 - dept 85 - circo 4
#1 Parti communiste (was #3)
#2 Union des Forces Démocratiques (was #4)
#3 Section Française de l'Internationale Ouvrière (was #5)
#4 Radicaux socialistes (was #6)
#5 Radicaux centristes (was #7)
#6 Radicaux Union des Forces Démocratiques (was #8)
#7 Union Démocratique et Socialiste de la Résistance-minoritaires (was #9)
#8 Union pour la Nouvelle République (was #10)
#9 Centre Réformateur Républicain (was #11)
#10 Divers gaullistes (was #12)
#11 Mouvement Républicain Populaire (was #13)
#12 Centre National des Indépendants (was #1)
#13 Modérés (was #14)
#14 Divers extrême droite (was #15)
#15 Poujadistes (was #2)
#16 Divers (was #16)


1958: found 57 surprises (12.3% des 465) on the second turn.
